<?xml version="1.0" encoding="UTF-8"?>
<testsuite xmlns:xsi="http://www.w3.org/2001/XMLSchema-instance" xsi:noNamespaceSchemaLocation="https://maven.apache.org/surefire/maven-surefire-plugin/xsd/surefire-test-report.xsd" name="org.payment.PaymentServiceTest" time="2.721" tests="6" errors="0" skipped="0" failures="0">
  <properties>
[...]
</properties>
  <testcase name="testProcessCorrectTextFileInput" classname="org.payment.PaymentServiceTest" time="0.23"/>
  <testcase name="testWrongFileInput" classname="org.payment.PaymentServiceTest" time="0.21"/>
  <testcase name="testWrongTextInput" classname="org.payment.PaymentServiceTest" time="0.229"/>
  <testcase name="testCorrectFileInput" classname="org.payment.PaymentServiceTest" time="0.203"/>
  <testcase name="testCorrectTextInput" classname="org.payment.PaymentServiceTest" time="0.211"/>
  <testcase name="testProcessWrongTextFileInput" classname="org.payment.PaymentServiceTest" time="0.213"/>
</testsuite>